[2025-11-29T18:34:32.284+0200] {local_task_job_runner.py:120} INFO - ::group::Pre task execution logs
[2025-11-29T18:34:32.289+0200] {taskinstance.py:2076} INFO - Dependencies all met for dep_context=non-requeueable deps ti=<TaskInstance: weather_etl_two_file_version.transform_data manual__2025-11-29T16:32:26.239951+00:00 [queued]>
[2025-11-29T18:34:32.291+0200] {taskinstance.py:2076} INFO - Dependencies all met for dep_context=requeueable deps ti=<TaskInstance: weather_etl_two_file_version.transform_data manual__2025-11-29T16:32:26.239951+00:00 [queued]>
[2025-11-29T18:34:32.291+0200] {taskinstance.py:2306} INFO - Starting attempt 2 of 2
[2025-11-29T18:34:32.295+0200] {taskinstance.py:2330} INFO - Executing <Task(PythonOperator): transform_data> on 2025-11-29 16:32:26.239951+00:00
[2025-11-29T18:34:32.298+0200] {standard_task_runner.py:63} INFO - Started process 64824 to run task
[2025-11-29T18:34:32.301+0200] {standard_task_runner.py:90} INFO - Running: ['airflow', 'tasks', 'run', 'weather_etl_two_file_version', 'transform_data', 'manual__2025-11-29T16:32:26.239951+00:00', '--job-id', '24', '--raw', '--subdir', 'DAGS_FOLDER/airflow_dag_weather_etl.py', '--cfg-path', '/var/folders/zz/brhm15n96xd12sx6bmrb3clr0000gn/T/tmpyrorqhc0']
[2025-11-29T18:34:32.303+0200] {standard_task_runner.py:91} INFO - Job 24: Subtask transform_data
[2025-11-29T18:34:32.320+0200] {task_command.py:426} INFO - Running <TaskInstance: weather_etl_two_file_version.transform_data manual__2025-11-29T16:32:26.239951+00:00 [running]> on host hirushis-macbook-air.local
[2025-11-29T18:34:32.342+0200] {taskinstance.py:2648} INFO - Exporting env vars: AIRFLOW_CTX_DAG_OWNER='weather_team' AIRFLOW_CTX_DAG_ID='weather_etl_two_file_version' AIRFLOW_CTX_TASK_ID='transform_data' AIRFLOW_CTX_EXECUTION_DATE='2025-11-29T16:32:26.239951+00:00' AIRFLOW_CTX_TRY_NUMBER='2' AIRFLOW_CTX_DAG_RUN_ID='manual__2025-11-29T16:32:26.239951+00:00'
[2025-11-29T18:34:32.343+0200] {taskinstance.py:430} INFO - ::endgroup::
[2025-11-29T18:34:32.825+0200] {taskinstance.py:441} INFO - ::group::Post task execution logs
[2025-11-29T18:34:32.826+0200] {taskinstance.py:2905} ERROR - Task failed with exception
Traceback (most recent call last):
  File "/Users/hirushipeiris/miniconda3/envs/airflow_env/lib/python3.9/site-packages/pandas/core/groupby/groupby.py", line 1944, in _agg_py_fallback
    res_values = self._grouper.agg_series(ser, alt, preserve_dtype=True)
  File "/Users/hirushipeiris/miniconda3/envs/airflow_env/lib/python3.9/site-packages/pandas/core/groupby/ops.py", line 873, in agg_series
    result = self._aggregate_series_pure_python(obj, func)
  File "/Users/hirushipeiris/miniconda3/envs/airflow_env/lib/python3.9/site-packages/pandas/core/groupby/ops.py", line 894, in _aggregate_series_pure_python
    res = func(group)
  File "/Users/hirushipeiris/miniconda3/envs/airflow_env/lib/python3.9/site-packages/pandas/core/groupby/groupby.py", line 2461, in <lambda>
    alt=lambda x: Series(x, copy=False).mean(numeric_only=numeric_only),
  File "/Users/hirushipeiris/miniconda3/envs/airflow_env/lib/python3.9/site-packages/pandas/core/series.py", line 6570, in mean
    return NDFrame.mean(self, axis, skipna, numeric_only, **kwargs)
  File "/Users/hirushipeiris/miniconda3/envs/airflow_env/lib/python3.9/site-packages/pandas/core/generic.py", line 12485, in mean
    return self._stat_function(
  File "/Users/hirushipeiris/miniconda3/envs/airflow_env/lib/python3.9/site-packages/pandas/core/generic.py", line 12442, in _stat_function
    return self._reduce(
  File "/Users/hirushipeiris/miniconda3/envs/airflow_env/lib/python3.9/site-packages/pandas/core/series.py", line 6478, in _reduce
    return op(delegate, skipna=skipna, **kwds)
  File "/Users/hirushipeiris/miniconda3/envs/airflow_env/lib/python3.9/site-packages/pandas/core/nanops.py", line 147, in f
    result = alt(values, axis=axis, skipna=skipna, **kwds)
  File "/Users/hirushipeiris/miniconda3/envs/airflow_env/lib/python3.9/site-packages/pandas/core/nanops.py", line 404, in new_func
    result = func(values, axis=axis, skipna=skipna, mask=mask, **kwargs)
  File "/Users/hirushipeiris/miniconda3/envs/airflow_env/lib/python3.9/site-packages/pandas/core/nanops.py", line 720, in nanmean
    the_sum = _ensure_numeric(the_sum)
  File "/Users/hirushipeiris/miniconda3/envs/airflow_env/lib/python3.9/site-packages/pandas/core/nanops.py", line 1701, in _ensure_numeric
    raise TypeError(f"Could not convert string '{x}' to numeric")
TypeError: Could not convert string 'Partly Cloudy' to numeric

The above exception was the direct cause of the following exception:

Traceback (most recent call last):
  File "/Users/hirushipeiris/miniconda3/envs/airflow_env/lib/python3.9/site-packages/airflow/models/taskinstance.py", line 465, in _execute_task
    result = _execute_callable(context=context, **execute_callable_kwargs)
  File "/Users/hirushipeiris/miniconda3/envs/airflow_env/lib/python3.9/site-packages/airflow/models/taskinstance.py", line 432, in _execute_callable
    return execute_callable(context=context, **execute_callable_kwargs)
  File "/Users/hirushipeiris/miniconda3/envs/airflow_env/lib/python3.9/site-packages/airflow/models/baseoperator.py", line 400, in wrapper
    return func(self, *args, **kwargs)
  File "/Users/hirushipeiris/miniconda3/envs/airflow_env/lib/python3.9/site-packages/airflow/operators/python.py", line 235, in execute
    return_value = self.execute_callable()
  File "/Users/hirushipeiris/miniconda3/envs/airflow_env/lib/python3.9/site-packages/airflow/operators/python.py", line 252, in execute_callable
    return self.python_callable(*self.op_args, **self.op_kwargs)
  File "/Users/hirushipeiris/airflow_new/dags/airflow_dag_weather_etl.py", line 33, in run_transform
    daily, monthly = transform(csv)
  File "/Users/hirushipeiris/airflow_new/dags/etl_functions.py", line 69, in transform
    daily = df.resample("D").mean().reset_index()
  File "/Users/hirushipeiris/miniconda3/envs/airflow_env/lib/python3.9/site-packages/pandas/core/resample.py", line 1384, in mean
    return self._downsample("mean", numeric_only=numeric_only)
  File "/Users/hirushipeiris/miniconda3/envs/airflow_env/lib/python3.9/site-packages/pandas/core/resample.py", line 1782, in _downsample
    result = obj.groupby(self._grouper).aggregate(how, **kwargs)
  File "/Users/hirushipeiris/miniconda3/envs/airflow_env/lib/python3.9/site-packages/pandas/core/groupby/generic.py", line 1432, in aggregate
    result = op.agg()
  File "/Users/hirushipeiris/miniconda3/envs/airflow_env/lib/python3.9/site-packages/pandas/core/apply.py", line 187, in agg
    return self.apply_str()
  File "/Users/hirushipeiris/miniconda3/envs/airflow_env/lib/python3.9/site-packages/pandas/core/apply.py", line 603, in apply_str
    return self._apply_str(obj, func, *self.args, **self.kwargs)
  File "/Users/hirushipeiris/miniconda3/envs/airflow_env/lib/python3.9/site-packages/pandas/core/apply.py", line 693, in _apply_str
    return f(*args, **kwargs)
  File "/Users/hirushipeiris/miniconda3/envs/airflow_env/lib/python3.9/site-packages/pandas/core/groupby/groupby.py", line 2459, in mean
    result = self._cython_agg_general(
  File "/Users/hirushipeiris/miniconda3/envs/airflow_env/lib/python3.9/site-packages/pandas/core/groupby/groupby.py", line 2005, in _cython_agg_general
    new_mgr = data.grouped_reduce(array_func)
  File "/Users/hirushipeiris/miniconda3/envs/airflow_env/lib/python3.9/site-packages/pandas/core/internals/managers.py", line 1488, in grouped_reduce
    applied = sb.apply(func)
  File "/Users/hirushipeiris/miniconda3/envs/airflow_env/lib/python3.9/site-packages/pandas/core/internals/blocks.py", line 395, in apply
    result = func(self.values, **kwargs)
  File "/Users/hirushipeiris/miniconda3/envs/airflow_env/lib/python3.9/site-packages/pandas/core/groupby/groupby.py", line 2002, in array_func
    result = self._agg_py_fallback(how, values, ndim=data.ndim, alt=alt)
  File "/Users/hirushipeiris/miniconda3/envs/airflow_env/lib/python3.9/site-packages/pandas/core/groupby/groupby.py", line 1948, in _agg_py_fallback
    raise type(err)(msg) from err
TypeError: agg function failed [how->mean,dtype->object]
[2025-11-29T18:34:32.839+0200] {taskinstance.py:1206} INFO - Marking task as FAILED. dag_id=weather_etl_two_file_version, task_id=transform_data, run_id=manual__2025-11-29T16:32:26.239951+00:00, execution_date=20251129T163226, start_date=20251129T163432, end_date=20251129T163432
[2025-11-29T18:34:32.843+0200] {standard_task_runner.py:110} ERROR - Failed to execute job 24 for task transform_data (agg function failed [how->mean,dtype->object]; 64824)
[2025-11-29T18:34:32.885+0200] {local_task_job_runner.py:240} INFO - Task exited with return code 1
[2025-11-29T18:34:32.893+0200] {taskinstance.py:3498} INFO - 0 downstream tasks scheduled from follow-on schedule check
[2025-11-29T18:34:32.894+0200] {local_task_job_runner.py:222} INFO - ::endgroup::
