[2025-11-29T18:53:59.170+0200] {local_task_job_runner.py:120} INFO - ::group::Pre task execution logs
[2025-11-29T18:53:59.176+0200] {taskinstance.py:2076} INFO - Dependencies all met for dep_context=non-requeueable deps ti=<TaskInstance: weather_etl_two_file_version.transform_data manual__2025-11-29T16:51:53.130008+00:00 [queued]>
[2025-11-29T18:53:59.178+0200] {taskinstance.py:2076} INFO - Dependencies all met for dep_context=requeueable deps ti=<TaskInstance: weather_etl_two_file_version.transform_data manual__2025-11-29T16:51:53.130008+00:00 [queued]>
[2025-11-29T18:53:59.178+0200] {taskinstance.py:2306} INFO - Starting attempt 2 of 2
[2025-11-29T18:53:59.182+0200] {taskinstance.py:2330} INFO - Executing <Task(PythonOperator): transform_data> on 2025-11-29 16:51:53.130008+00:00
[2025-11-29T18:53:59.185+0200] {standard_task_runner.py:63} INFO - Started process 73248 to run task
[2025-11-29T18:53:59.189+0200] {standard_task_runner.py:90} INFO - Running: ['airflow', 'tasks', 'run', 'weather_etl_two_file_version', 'transform_data', 'manual__2025-11-29T16:51:53.130008+00:00', '--job-id', '34', '--raw', '--subdir', 'DAGS_FOLDER/airflow_dag_weather_etl.py', '--cfg-path', '/var/folders/zz/brhm15n96xd12sx6bmrb3clr0000gn/T/tmpo5i457um']
[2025-11-29T18:53:59.190+0200] {standard_task_runner.py:91} INFO - Job 34: Subtask transform_data
[2025-11-29T18:53:59.207+0200] {task_command.py:426} INFO - Running <TaskInstance: weather_etl_two_file_version.transform_data manual__2025-11-29T16:51:53.130008+00:00 [running]> on host hirushis-macbook-air.local
[2025-11-29T18:53:59.228+0200] {taskinstance.py:2648} INFO - Exporting env vars: AIRFLOW_CTX_DAG_OWNER='weather_team' AIRFLOW_CTX_DAG_ID='weather_etl_two_file_version' AIRFLOW_CTX_TASK_ID='transform_data' AIRFLOW_CTX_EXECUTION_DATE='2025-11-29T16:51:53.130008+00:00' AIRFLOW_CTX_TRY_NUMBER='2' AIRFLOW_CTX_DAG_RUN_ID='manual__2025-11-29T16:51:53.130008+00:00'
[2025-11-29T18:53:59.229+0200] {taskinstance.py:430} INFO - ::endgroup::
[2025-11-29T18:53:59.735+0200] {taskinstance.py:441} INFO - ::group::Post task execution logs
[2025-11-29T18:53:59.736+0200] {taskinstance.py:2905} ERROR - Task failed with exception
Traceback (most recent call last):
  File "/Users/hirushipeiris/miniconda3/envs/airflow_env/lib/python3.9/site-packages/pandas/core/indexes/base.py", line 3812, in get_loc
    return self._engine.get_loc(casted_key)
  File "pandas/_libs/index.pyx", line 167, in pandas._libs.index.IndexEngine.get_loc
  File "pandas/_libs/index.pyx", line 196, in pandas._libs.index.IndexEngine.get_loc
  File "pandas/_libs/hashtable_class_helper.pxi", line 7088, in pandas._libs.hashtable.PyObjectHashTable.get_item
  File "pandas/_libs/hashtable_class_helper.pxi", line 7096, in pandas._libs.hashtable.PyObjectHashTable.get_item
KeyError: 'wind_speed_kmh'

The above exception was the direct cause of the following exception:

Traceback (most recent call last):
  File "/Users/hirushipeiris/miniconda3/envs/airflow_env/lib/python3.9/site-packages/airflow/models/taskinstance.py", line 465, in _execute_task
    result = _execute_callable(context=context, **execute_callable_kwargs)
  File "/Users/hirushipeiris/miniconda3/envs/airflow_env/lib/python3.9/site-packages/airflow/models/taskinstance.py", line 432, in _execute_callable
    return execute_callable(context=context, **execute_callable_kwargs)
  File "/Users/hirushipeiris/miniconda3/envs/airflow_env/lib/python3.9/site-packages/airflow/models/baseoperator.py", line 400, in wrapper
    return func(self, *args, **kwargs)
  File "/Users/hirushipeiris/miniconda3/envs/airflow_env/lib/python3.9/site-packages/airflow/operators/python.py", line 235, in execute
    return_value = self.execute_callable()
  File "/Users/hirushipeiris/miniconda3/envs/airflow_env/lib/python3.9/site-packages/airflow/operators/python.py", line 252, in execute_callable
    return self.python_callable(*self.op_args, **self.op_kwargs)
  File "/Users/hirushipeiris/airflow_new/dags/airflow_dag_weather_etl.py", line 33, in run_transform
    daily, monthly = transform(csv)
  File "/Users/hirushipeiris/airflow_new/dags/etl_functions.py", line 84, in transform
    daily["wind_strength"] = daily["wind_speed_kmh"].apply(wind_strength)
  File "/Users/hirushipeiris/miniconda3/envs/airflow_env/lib/python3.9/site-packages/pandas/core/frame.py", line 4113, in __getitem__
    indexer = self.columns.get_loc(key)
  File "/Users/hirushipeiris/miniconda3/envs/airflow_env/lib/python3.9/site-packages/pandas/core/indexes/base.py", line 3819, in get_loc
    raise KeyError(key) from err
KeyError: 'wind_speed_kmh'
[2025-11-29T18:53:59.743+0200] {taskinstance.py:1206} INFO - Marking task as FAILED. dag_id=weather_etl_two_file_version, task_id=transform_data, run_id=manual__2025-11-29T16:51:53.130008+00:00, execution_date=20251129T165153, start_date=20251129T165359, end_date=20251129T165359
[2025-11-29T18:53:59.747+0200] {standard_task_runner.py:110} ERROR - Failed to execute job 34 for task transform_data ('wind_speed_kmh'; 73248)
[2025-11-29T18:53:59.786+0200] {local_task_job_runner.py:240} INFO - Task exited with return code 1
[2025-11-29T18:53:59.794+0200] {taskinstance.py:3498} INFO - 0 downstream tasks scheduled from follow-on schedule check
[2025-11-29T18:53:59.796+0200] {local_task_job_runner.py:222} INFO - ::endgroup::
